<?xml version="1.0" encoding="UTF-8"?>
<testsuite name="ru.stqa.pft.supertests.tests.TeachingPageTest" tests="1" skipped="0" failures="0" errors="0" timestamp="2022-10-16T19:23:10" hostname="MacBook-Pro.local" time="0.111">
  <properties/>
  <testcase name="testTeachingPage" classname="ru.stqa.pft.supertests.tests.TeachingPageTest" time="0.111"/>
  <system-out><![CDATA[]]></system-out>
  <system-err><![CDATA[SLF4J: Failed to load class "org.slf4j.impl.StaticLoggerBinder".
SLF4J: Defaulting to no-operation (NOP) logger implementation
SLF4J: See http://www.slf4j.org/codes.html#StaticLoggerBinder for further details.
Starting ChromeDriver 106.0.5249.61 (511755355844955cd3e264779baf0dd38212a4d0-refs/branch-heads/5249@{#569}) on port 51092
Only local connections are allowed.
Please see https://chromedriver.chromium.org/security-considerations for suggestions on keeping ChromeDriver safe.
ChromeDriver was started successfully.
окт 16, 2022 10:23:03 PM org.openqa.selenium.remote.ProtocolHandshake createSession
INFO: Detected upstream dialect: W3C
окт 16, 2022 10:23:03 PM org.openqa.selenium.devtools.CdpVersionFinder findNearestMatch
INFO: Found exact CDP implementation for version 106
]]></system-err>
</testsuite>
